[08/Jan/2026 15:30:11] "GET / HTTP/1.1" 200 11488
Invalid HTTP_HOST header: 'localhost:8000'. You may need to add 'localhost' to ALLOWED_HOSTS.
Bad Request: /
[08/Jan/2026 15:31:02] "GET / HTTP/1.1" 400 70967
Invalid HTTP_HOST header: 'localhost:8000'. You may need to add 'localhost' to ALLOWED_HOSTS.
Bad Request: /favicon.ico
[08/Jan/2026 15:31:04] "GET /favicon.ico HTTP/1.1" 400 70892
[08/Jan/2026 15:31:29] "GET / HTTP/1.1" 200 11488
[08/Jan/2026 15:31:29] "GET /static/css/owl.carousel.min.css HTTP/1.1" 200 3440
[08/Jan/2026 15:31:29] "GET /static/css/flaticon.css HTTP/1.1" 200 1356
[08/Jan/2026 15:31:29] "GET /static/css/magnific-popup.css HTTP/1.1" 200 6950
[08/Jan/2026 15:31:29] "GET /static/css/animate.css HTTP/1.1" 200 73641
[08/Jan/2026 15:31:29] "GET /static/css/style.css HTTP/1.1" 200 275274
[08/Jan/2026 15:31:29] "GET /static/css/bootstrap-datepicker.css HTTP/1.1" 200 17945
[08/Jan/2026 15:31:29] "GET /static/css/owl.theme.default.min.css HTTP/1.1" 200 965
[08/Jan/2026 15:31:29] "GET /static/js/jquery.min.js HTTP/1.1" 200 268038
[08/Jan/2026 15:31:29] "GET /static/css/jquery.timepicker.css HTTP/1.1" 200 1588
[08/Jan/2026 15:31:29] "GET /static/js/jquery-migrate-3.0.1.min.js HTTP/1.1" 200 11421
[08/Jan/2026 15:31:29] "GET /static/images/snapshot-new.jpg HTTP/1.1" 200 428708
[08/Jan/2026 15:31:29] "GET /static/js/popper.min.js HTTP/1.1" 200 19032
[08/Jan/2026 15:31:29] "GET /static/js/jquery.easing.1.3.js HTTP/1.1" 200 8111
[08/Jan/2026 15:31:29] "GET /static/js/jquery.waypoints.min.js HTTP/1.1" 200 8835
[08/Jan/2026 15:31:29] "GET /static/js/bootstrap.min.js HTTP/1.1" 200 60174
[08/Jan/2026 15:31:29] "GET /static/js/jquery.stellar.min.js HTTP/1.1" 200 12597
[08/Jan/2026 15:31:29] "GET /static/js/jquery.magnific-popup.min.js HTTP/1.1" 200 20216
[08/Jan/2026 15:31:29] "GET /static/js/jquery.animateNumber.min.js HTTP/1.1" 200 1391
[08/Jan/2026 15:31:29] "GET /static/js/owl.carousel.min.js HTTP/1.1" 200 43237
[08/Jan/2026 15:31:29] "GET /static/js/google-map.js HTTP/1.1" 200 1946
[08/Jan/2026 15:31:29] "GET /static/js/scrollax.min.js HTTP/1.1" 200 7447
[08/Jan/2026 15:31:29] "GET /static/js/main.js HTTP/1.1" 200 5580
[08/Jan/2026 15:31:29] "GET /static/js/bootstrap-datepicker.js HTTP/1.1" 200 46820
[08/Jan/2026 15:31:29] "GET /static/images/bg_4.jpg HTTP/1.1" 200 301885
[08/Jan/2026 15:31:29] "GET /static/images/pexels-nick-collins-3006340.jpg HTTP/1.1" 200 2218037
[08/Jan/2026 15:31:29] "GET /static/fonts/flaticon/font/Flaticon.woff HTTP/1.1" 200 4028
[08/Jan/2026 15:31:31] "GET /favicon.ico HTTP/1.1" 301 0
Not Found: /favicon.ico/
[08/Jan/2026 15:31:31] "GET /favicon.ico/ HTTP/1.1" 404 1727
[08/Jan/2026 15:31:52] "GET /profile/login/ HTTP/1.1" 200 8874
[08/Jan/2026 15:31:52] "GET /static/images/background.jpg HTTP/1.1" 200 15573
[08/Jan/2026 15:32:08] "POST /profile/login/ HTTP/1.1" 302 0
[08/Jan/2026 15:32:08] "GET / HTTP/1.1" 200 9627
[08/Jan/2026 15:32:19] "GET /post/new/ HTTP/1.1" 200 9072
[08/Jan/2026 15:36:31] "GET /post/new/ HTTP/1.1" 200 9072
[08/Jan/2026 15:44:24] "GET /ads/advert/ HTTP/1.1" 200 8920
[08/Jan/2026 15:44:38] "GET /post/new/ HTTP/1.1" 200 9072
[08/Jan/2026 15:45:33] "GET /7/new-to-ishout/detail/ HTTP/1.1" 200 9742
[08/Jan/2026 15:46:32] "GET / HTTP/1.1" 200 9627
[08/Jan/2026 15:46:35] "GET /7/new-to-ishout/detail/ HTTP/1.1" 200 9742
[08/Jan/2026 15:46:41] "GET / HTTP/1.1" 200 9627
[08/Jan/2026 15:49:18] "GET / HTTP/1.1" 200 8854
[08/Jan/2026 15:49:23] "GET /post/new/ HTTP/1.1" 200 9072
[08/Jan/2026 15:49:46] "GET /post/new/ HTTP/1.1" 200 9072
[08/Jan/2026 15:55:21] "GET /post/new/ HTTP/1.1" 200 9072
